[0m14:32:32.884594 [debug] [MainThread]: Sending event: {'category': 'dbt', 'action': 'invocation', 'label': 'start', 'context': [<snowplow_tracker.self_describing_json.SelfDescribingJson object at 0x000002EF49EC9550>, <snowplow_tracker.self_describing_json.SelfDescribingJson object at 0x000002EF48081090>, <snowplow_tracker.self_describing_json.SelfDescribingJson object at 0x000002EF4AFE3ED0>]}


============================== 14:32:32.902722 | 10efd1dc-5692-404e-a04e-5c407de9d4b2 ==============================
[0m14:32:32.902722 [info ] [MainThread]: Running with dbt=1.9.3
[0m14:32:32.903315 [debug] [MainThread]: running dbt with arguments {'printer_width': '80', 'indirect_selection': 'eager', 'log_cache_events': 'False', 'write_json': 'True', 'partial_parse': 'True', 'cache_selected_only': 'False', 'profiles_dir': 'C:\\Users\\Admin\\.dbt', 'fail_fast': 'False', 'debug': 'False', 'log_path': 'logs', 'warn_error': 'None', 'version_check': 'True', 'use_colors': 'True', 'use_experimental_parser': 'False', 'no_print': 'None', 'quiet': 'False', 'empty': 'None', 'warn_error_options': 'WarnErrorOptions(include=[], exclude=[])', 'invocation_command': 'dbt init dbt_new', 'introspect': 'True', 'static_parser': 'True', 'target_path': 'None', 'log_format': 'default', 'send_anonymous_usage_stats': 'True'}
[0m14:32:32.917507 [warn ] [MainThread]: [ConfigFolderDirectory]: Unable to parse logging event dictionary. Failed to parse dir field: expected string or bytes-like object, got 'WindowsPath'.. Dictionary: {'dir': WindowsPath('C:/Users/Admin/.dbt')}
[0m14:32:32.918137 [info ] [MainThread]: Creating dbt configuration folder at 
[0m14:32:32.919952 [debug] [MainThread]: Starter project path: C:\Users\Admin\AppData\Local\Programs\Python\Python313\Lib\site-packages\dbt\include\starter_project
[0m14:32:32.937244 [info ] [MainThread]: 
Your new dbt project "dbt_new" was created!

For more information on how to configure the profiles.yml file,
please consult the dbt documentation here:

  https://docs.getdbt.com/docs/configure-your-profile

One more thing:

Need help? Don't hesitate to reach out to us via GitHub issues or on Slack:

  https://community.getdbt.com/

Happy modeling!

[0m14:32:32.937816 [info ] [MainThread]: Setting up your profile.
[0m14:32:59.138372 [error] [MainThread]: Encountered an error:

[0m14:32:59.151230 [error] [MainThread]: Traceback (most recent call last):
  File "C:\Users\Admin\AppData\Local\Programs\Python\Python313\Lib\site-packages\dbt\cli\requires.py", line 153, in wrapper
    result, success = func(*args, **kwargs)
                      ~~~~^^^^^^^^^^^^^^^^^
  File "C:\Users\Admin\AppData\Local\Programs\Python\Python313\Lib\site-packages\dbt\cli\requires.py", line 103, in wrapper
    return func(*args, **kwargs)
  File "C:\Users\Admin\AppData\Local\Programs\Python\Python313\Lib\site-packages\dbt\cli\main.py", line 477, in init
    results = task.run()
  File "C:\Users\Admin\AppData\Local\Programs\Python\Python313\Lib\site-packages\dbt\task\init.py", line 346, in run
    self.setup_profile(profile_name)
    ~~~~~~~~~~~~~~~~~~^^^^^^^^^^^^^^
  File "C:\Users\Admin\AppData\Local\Programs\Python\Python313\Lib\site-packages\dbt\task\init.py", line 262, in setup_profile
    self.create_profile_from_target(adapter, profile_name=profile_name)
    ~~~~~~~~~~~~~~~~~~~~~~~~~~~~~~~^^^^^^^^^^^^^^^^^^^^^^^^^^^^^^^^^^^^
  File "C:\Users\Admin\AppData\Local\Programs\Python\Python313\Lib\site-packages\dbt\task\init.py", line 179, in create_profile_from_target
    self.create_profile_from_profile_template(profile_template, profile_name)
    ~~~~~~~~~~~~~~~~~~~~~~~~~~~~~~~~~~~~~~~~~^^^^^^^^^^^^^^^^^^^^^^^^^^^^^^^^
  File "C:\Users\Admin\AppData\Local\Programs\Python\Python313\Lib\site-packages\dbt\task\init.py", line 163, in create_profile_from_profile_template
    target = self.generate_target_from_input(prompts, initial_target)
  File "C:\Users\Admin\AppData\Local\Programs\Python\Python313\Lib\site-packages\dbt\task\init.py", line 129, in generate_target_from_input
    target[key] = click.prompt(
                  ~~~~~~~~~~~~^
        text, default=default, hide_input=hide_input, type=type
        ^^^^^^^^^^^^^^^^^^^^^^^^^^^^^^^^^^^^^^^^^^^^^^^^^^^^^^^
    )
    ^
  File "C:\Users\Admin\AppData\Local\Programs\Python\Python313\Lib\site-packages\click\termui.py", line 164, in prompt
    value = prompt_func(prompt)
  File "C:\Users\Admin\AppData\Local\Programs\Python\Python313\Lib\site-packages\click\termui.py", line 147, in prompt_func
    raise Abort() from None
click.exceptions.Abort

[0m14:32:59.155214 [debug] [MainThread]: Command `dbt init` failed at 14:32:59.154942 after 26.40 seconds
[0m14:32:59.156256 [debug] [MainThread]: Sending event: {'category': 'dbt', 'action': 'invocation', 'label': 'end', 'context': [<snowplow_tracker.self_describing_json.SelfDescribingJson object at 0x000002EF4B1D0FC0>, <snowplow_tracker.self_describing_json.SelfDescribingJson object at 0x000002EF4B1A6C30>, <snowplow_tracker.self_describing_json.SelfDescribingJson object at 0x000002EF4B05D6A0>]}
[0m14:32:59.157025 [debug] [MainThread]: Flushing usage events
[0m14:33:00.409732 [debug] [MainThread]: An error was encountered while trying to flush usage events
[0m14:33:08.966177 [debug] [MainThread]: Sending event: {'category': 'dbt', 'action': 'invocation', 'label': 'start', 'context': [<snowplow_tracker.self_describing_json.SelfDescribingJson object at 0x00000239BE3F9550>, <snowplow_tracker.self_describing_json.SelfDescribingJson object at 0x00000239BC5AD090>, <snowplow_tracker.self_describing_json.SelfDescribingJson object at 0x00000239BF523ED0>]}


============================== 14:33:08.969752 | a8843364-8e13-4b2a-af97-2a56a8fd071d ==============================
[0m14:33:08.969752 [info ] [MainThread]: Running with dbt=1.9.3
[0m14:33:08.970296 [debug] [MainThread]: running dbt with arguments {'printer_width': '80', 'indirect_selection': 'eager', 'log_cache_events': 'False', 'write_json': 'True', 'partial_parse': 'True', 'cache_selected_only': 'False', 'profiles_dir': 'C:\\Users\\Admin\\.dbt', 'debug': 'False', 'fail_fast': 'False', 'log_path': 'logs', 'warn_error': 'None', 'version_check': 'True', 'use_colors': 'True', 'use_experimental_parser': 'False', 'no_print': 'None', 'quiet': 'False', 'empty': 'None', 'log_format': 'default', 'introspect': 'True', 'static_parser': 'True', 'invocation_command': 'dbt init dbt_new', 'target_path': 'None', 'warn_error_options': 'WarnErrorOptions(include=[], exclude=[])', 'send_anonymous_usage_stats': 'True'}
[0m14:33:08.985137 [info ] [MainThread]: A project called dbt_new already exists here.
[0m14:33:08.985855 [debug] [MainThread]: Command `dbt init` succeeded at 14:33:08.985741 after 0.11 seconds
[0m14:33:08.986115 [debug] [MainThread]: Sending event: {'category': 'dbt', 'action': 'invocation', 'label': 'end', 'context': [<snowplow_tracker.self_describing_json.SelfDescribingJson object at 0x00000239BF5463F0>, <snowplow_tracker.self_describing_json.SelfDescribingJson object at 0x00000239BF5B6570>, <snowplow_tracker.self_describing_json.SelfDescribingJson object at 0x00000239BF3F56A0>]}
[0m14:33:08.986398 [debug] [MainThread]: Flushing usage events
[0m14:33:09.923050 [debug] [MainThread]: An error was encountered while trying to flush usage events
[0m14:40:20.326152 [debug] [MainThread]: Sending event: {'category': 'dbt', 'action': 'invocation', 'label': 'start', 'context': [<snowplow_tracker.self_describing_json.SelfDescribingJson object at 0x000001969B239550>, <snowplow_tracker.self_describing_json.SelfDescribingJson object at 0x00000196993D9090>, <snowplow_tracker.self_describing_json.SelfDescribingJson object at 0x000001969C353ED0>]}


============================== 14:40:20.330810 | 00d8156d-4236-4bbe-8253-87848fced78b ==============================
[0m14:40:20.330810 [info ] [MainThread]: Running with dbt=1.9.3
[0m14:40:20.331399 [debug] [MainThread]: running dbt with arguments {'printer_width': '80', 'indirect_selection': 'eager', 'log_cache_events': 'False', 'write_json': 'True', 'partial_parse': 'True', 'cache_selected_only': 'False', 'profiles_dir': 'C:\\Users\\Admin\\.dbt', 'version_check': 'True', 'fail_fast': 'False', 'log_path': 'logs', 'warn_error': 'None', 'debug': 'False', 'use_colors': 'True', 'use_experimental_parser': 'False', 'empty': 'None', 'quiet': 'False', 'no_print': 'None', 'warn_error_options': 'WarnErrorOptions(include=[], exclude=[])', 'introspect': 'True', 'invocation_command': 'dbt debug', 'static_parser': 'True', 'target_path': 'None', 'log_format': 'default', 'send_anonymous_usage_stats': 'True'}
[0m14:40:20.346392 [info ] [MainThread]: dbt version: 1.9.3
[0m14:40:20.346865 [info ] [MainThread]: python version: 3.13.2
[0m14:40:20.347203 [info ] [MainThread]: python path: C:\Users\Admin\AppData\Local\Programs\Python\Python313\python.exe
[0m14:40:20.347519 [info ] [MainThread]: os info: Windows-11-10.0.26100-SP0
[0m14:40:20.404711 [info ] [MainThread]: Using profiles dir at C:\Users\Admin\.dbt
[0m14:40:20.405193 [info ] [MainThread]: Using profiles.yml file at C:\Users\Admin\.dbt\profiles.yml
[0m14:40:20.405474 [info ] [MainThread]: Using dbt_project.yml file at C:\Users\Admin\Documents\transformation\dbt_new\dbt_project.yml
[0m14:40:20.406469 [info ] [MainThread]: adapter type: postgres
[0m14:40:20.406892 [info ] [MainThread]: adapter version: 1.9.0
[0m14:40:20.407368 [info ] [MainThread]: Configuration:
[0m14:40:20.407659 [info ] [MainThread]:   profiles.yml file [[32mOK found and valid[0m]
[0m14:40:20.407978 [info ] [MainThread]:   dbt_project.yml file [[31mERROR not found[0m]
[0m14:40:20.408347 [info ] [MainThread]: Required dependencies:
[0m14:40:20.408721 [debug] [MainThread]: Executing "git --help"
[0m14:40:20.427850 [debug] [MainThread]: STDOUT: "b"usage: git [-v | --version] [-h | --help] [-C <path>] [-c <name>=<value>]\n           [--exec-path[=<path>]] [--html-path] [--man-path] [--info-path]\n           [-p | --paginate | -P | --no-pager] [--no-replace-objects] [--no-lazy-fetch]\n           [--no-optional-locks] [--no-advice] [--bare] [--git-dir=<path>]\n           [--work-tree=<path>] [--namespace=<name>] [--config-env=<name>=<envvar>]\n           <command> [<args>]\n\nThese are common Git commands used in various situations:\n\nstart a working area (see also: git help tutorial)\n   clone      Clone a repository into a new directory\n   init       Create an empty Git repository or reinitialize an existing one\n\nwork on the current change (see also: git help everyday)\n   add        Add file contents to the index\n   mv         Move or rename a file, a directory, or a symlink\n   restore    Restore working tree files\n   rm         Remove files from the working tree and from the index\n\nexamine the history and state (see also: git help revisions)\n   bisect     Use binary search to find the commit that introduced a bug\n   diff       Show changes between commits, commit and working tree, etc\n   grep       Print lines matching a pattern\n   log        Show commit logs\n   show       Show various types of objects\n   status     Show the working tree status\n\ngrow, mark and tweak your common history\n   backfill   Download missing objects in a partial clone\n   branch     List, create, or delete branches\n   commit     Record changes to the repository\n   merge      Join two or more development histories together\n   rebase     Reapply commits on top of another base tip\n   reset      Reset current HEAD to the specified state\n   switch     Switch branches\n   tag        Create, list, delete or verify a tag object signed with GPG\n\ncollaborate (see also: git help workflows)\n   fetch      Download objects and refs from another repository\n   pull       Fetch from and integrate with another repository or a local branch\n   push       Update remote refs along with associated objects\n\n'git help -a' and 'git help -g' list available subcommands and some\nconcept guides. See 'git help <command>' or 'git help <concept>'\nto read about a specific subcommand or concept.\nSee 'git help git' for an overview of the system.\n""
[0m14:40:20.428232 [debug] [MainThread]: STDERR: "b''"
[0m14:40:20.428508 [info ] [MainThread]:  - git [[32mOK found[0m]

[0m14:40:20.428849 [info ] [MainThread]: Connection:
[0m14:40:20.429322 [info ] [MainThread]:   host: database-1.c5wmeuuo4n4r.ap-southeast-2.rds.amazonaws.com
[0m14:40:20.429604 [info ] [MainThread]:   port: 5432
[0m14:40:20.429830 [info ] [MainThread]:   user: postgres
[0m14:40:20.430060 [info ] [MainThread]:   database: ecommerce_data
[0m14:40:20.430295 [info ] [MainThread]:   schema: public
[0m14:40:20.430532 [info ] [MainThread]:   connect_timeout: 10
[0m14:40:20.430738 [info ] [MainThread]:   role: None
[0m14:40:20.431042 [info ] [MainThread]:   search_path: None
[0m14:40:20.431479 [info ] [MainThread]:   keepalives_idle: 0
[0m14:40:20.432112 [info ] [MainThread]:   sslmode: None
[0m14:40:20.432743 [info ] [MainThread]:   sslcert: None
[0m14:40:20.433291 [info ] [MainThread]:   sslkey: None
[0m14:40:20.433669 [info ] [MainThread]:   sslrootcert: None
[0m14:40:20.433925 [info ] [MainThread]:   application_name: dbt
[0m14:40:20.434154 [info ] [MainThread]:   retries: 1
[0m14:40:20.434603 [info ] [MainThread]: Registered adapter: postgres=1.9.0
[0m14:40:20.566436 [debug] [MainThread]: Acquiring new postgres connection 'debug'
[0m14:40:22.590830 [debug] [MainThread]: Using postgres connection "debug"
[0m14:40:22.591179 [debug] [MainThread]: On debug: select 1 as id
[0m14:40:22.591415 [debug] [MainThread]: Opening a new connection, currently in state init
[0m14:40:24.076170 [debug] [MainThread]: SQL status: SELECT 1 in 1.485 seconds
[0m14:40:24.077115 [debug] [MainThread]: On debug: Close
[0m14:40:24.077657 [info ] [MainThread]:   Connection test: [[32mOK connection ok[0m]

[0m14:40:24.078173 [info ] [MainThread]: [31m1 check failed:[0m
[0m14:40:24.078674 [info ] [MainThread]: Project loading failed for the following reason:
 project path <C:\Users\Admin\Documents\transformation\dbt_new\dbt_project.yml> not found

[0m14:40:24.080042 [debug] [MainThread]: Command `dbt debug` failed at 14:40:24.079871 after 3.89 seconds
[0m14:40:24.080473 [debug] [MainThread]: Connection 'debug' was properly closed.
[0m14:40:24.080894 [debug] [MainThread]: Sending event: {'category': 'dbt', 'action': 'invocation', 'label': 'end', 'context': [<snowplow_tracker.self_describing_json.SelfDescribingJson object at 0x000001969C612FD0>, <snowplow_tracker.self_describing_json.SelfDescribingJson object at 0x000001969C63EC30>, <snowplow_tracker.self_describing_json.SelfDescribingJson object at 0x000001969C40B240>]}
[0m14:40:24.081349 [debug] [MainThread]: Flushing usage events
[0m14:40:25.025641 [debug] [MainThread]: An error was encountered while trying to flush usage events
[0m14:41:47.118043 [debug] [MainThread]: Sending event: {'category': 'dbt', 'action': 'invocation', 'label': 'start', 'context': [<snowplow_tracker.self_describing_json.SelfDescribingJson object at 0x00000181051A9550>, <snowplow_tracker.self_describing_json.SelfDescribingJson object at 0x0000018103335090>, <snowplow_tracker.self_describing_json.SelfDescribingJson object at 0x00000181062C3ED0>]}


============================== 14:41:47.122609 | 9b1a8724-b7ad-43c0-9196-3263d3a8159a ==============================
[0m14:41:47.122609 [info ] [MainThread]: Running with dbt=1.9.3
[0m14:41:47.123175 [debug] [MainThread]: running dbt with arguments {'printer_width': '80', 'indirect_selection': 'eager', 'write_json': 'True', 'log_cache_events': 'False', 'partial_parse': 'True', 'cache_selected_only': 'False', 'warn_error': 'None', 'fail_fast': 'False', 'profiles_dir': 'C:\\Users\\Admin\\.dbt', 'log_path': 'logs', 'version_check': 'True', 'debug': 'False', 'use_colors': 'True', 'use_experimental_parser': 'False', 'empty': 'None', 'quiet': 'False', 'no_print': 'None', 'warn_error_options': 'WarnErrorOptions(include=[], exclude=[])', 'invocation_command': 'dbt debug', 'static_parser': 'True', 'introspect': 'True', 'target_path': 'None', 'log_format': 'default', 'send_anonymous_usage_stats': 'True'}
[0m14:41:47.139443 [info ] [MainThread]: dbt version: 1.9.3
[0m14:41:47.139983 [info ] [MainThread]: python version: 3.13.2
[0m14:41:47.140351 [info ] [MainThread]: python path: C:\Users\Admin\AppData\Local\Programs\Python\Python313\python.exe
[0m14:41:47.140691 [info ] [MainThread]: os info: Windows-11-10.0.26100-SP0
[0m14:41:47.194137 [info ] [MainThread]: Using profiles dir at C:\Users\Admin\.dbt
[0m14:41:47.194593 [info ] [MainThread]: Using profiles.yml file at C:\Users\Admin\.dbt\profiles.yml
[0m14:41:47.194889 [info ] [MainThread]: Using dbt_project.yml file at C:\Users\Admin\Documents\transformation\dbt_new\dbt_project.yml
[0m14:41:47.195691 [info ] [MainThread]: adapter type: postgres
[0m14:41:47.195981 [info ] [MainThread]: adapter version: 1.9.0
[0m14:41:47.196249 [info ] [MainThread]: Configuration:
[0m14:41:47.196560 [info ] [MainThread]:   profiles.yml file [[32mOK found and valid[0m]
[0m14:41:47.196907 [info ] [MainThread]:   dbt_project.yml file [[31mERROR not found[0m]
[0m14:41:47.197272 [info ] [MainThread]: Required dependencies:
[0m14:41:47.197603 [debug] [MainThread]: Executing "git --help"
[0m14:41:47.213700 [debug] [MainThread]: STDOUT: "b"usage: git [-v | --version] [-h | --help] [-C <path>] [-c <name>=<value>]\n           [--exec-path[=<path>]] [--html-path] [--man-path] [--info-path]\n           [-p | --paginate | -P | --no-pager] [--no-replace-objects] [--no-lazy-fetch]\n           [--no-optional-locks] [--no-advice] [--bare] [--git-dir=<path>]\n           [--work-tree=<path>] [--namespace=<name>] [--config-env=<name>=<envvar>]\n           <command> [<args>]\n\nThese are common Git commands used in various situations:\n\nstart a working area (see also: git help tutorial)\n   clone      Clone a repository into a new directory\n   init       Create an empty Git repository or reinitialize an existing one\n\nwork on the current change (see also: git help everyday)\n   add        Add file contents to the index\n   mv         Move or rename a file, a directory, or a symlink\n   restore    Restore working tree files\n   rm         Remove files from the working tree and from the index\n\nexamine the history and state (see also: git help revisions)\n   bisect     Use binary search to find the commit that introduced a bug\n   diff       Show changes between commits, commit and working tree, etc\n   grep       Print lines matching a pattern\n   log        Show commit logs\n   show       Show various types of objects\n   status     Show the working tree status\n\ngrow, mark and tweak your common history\n   backfill   Download missing objects in a partial clone\n   branch     List, create, or delete branches\n   commit     Record changes to the repository\n   merge      Join two or more development histories together\n   rebase     Reapply commits on top of another base tip\n   reset      Reset current HEAD to the specified state\n   switch     Switch branches\n   tag        Create, list, delete or verify a tag object signed with GPG\n\ncollaborate (see also: git help workflows)\n   fetch      Download objects and refs from another repository\n   pull       Fetch from and integrate with another repository or a local branch\n   push       Update remote refs along with associated objects\n\n'git help -a' and 'git help -g' list available subcommands and some\nconcept guides. See 'git help <command>' or 'git help <concept>'\nto read about a specific subcommand or concept.\nSee 'git help git' for an overview of the system.\n""
[0m14:41:47.214067 [debug] [MainThread]: STDERR: "b''"
[0m14:41:47.214386 [info ] [MainThread]:  - git [[32mOK found[0m]

[0m14:41:47.214748 [info ] [MainThread]: Connection:
[0m14:41:47.215114 [info ] [MainThread]:   host: database-1.c5wmeuuo4n4r.ap-southeast-2.rds.amazonaws.com
[0m14:41:47.215502 [info ] [MainThread]:   port: 5432
[0m14:41:47.215870 [info ] [MainThread]:   user: postgres
[0m14:41:47.216321 [info ] [MainThread]:   database: ecommerce_data
[0m14:41:47.216690 [info ] [MainThread]:   schema: public
[0m14:41:47.217026 [info ] [MainThread]:   connect_timeout: 10
[0m14:41:47.217402 [info ] [MainThread]:   role: None
[0m14:41:47.217697 [info ] [MainThread]:   search_path: None
[0m14:41:47.217965 [info ] [MainThread]:   keepalives_idle: 0
[0m14:41:47.218216 [info ] [MainThread]:   sslmode: None
[0m14:41:47.218513 [info ] [MainThread]:   sslcert: None
[0m14:41:47.218784 [info ] [MainThread]:   sslkey: None
[0m14:41:47.219029 [info ] [MainThread]:   sslrootcert: None
[0m14:41:47.219270 [info ] [MainThread]:   application_name: dbt
[0m14:41:47.219475 [info ] [MainThread]:   retries: 1
[0m14:41:47.219862 [info ] [MainThread]: Registered adapter: postgres=1.9.0
[0m14:41:47.348792 [debug] [MainThread]: Acquiring new postgres connection 'debug'
[0m14:41:47.384403 [debug] [MainThread]: Using postgres connection "debug"
[0m14:41:47.384742 [debug] [MainThread]: On debug: select 1 as id
[0m14:41:47.385112 [debug] [MainThread]: Opening a new connection, currently in state init
[0m14:41:48.794737 [debug] [MainThread]: SQL status: SELECT 1 in 1.410 seconds
[0m14:41:48.795740 [debug] [MainThread]: On debug: Close
[0m14:41:48.796335 [info ] [MainThread]:   Connection test: [[32mOK connection ok[0m]

[0m14:41:48.796732 [info ] [MainThread]: [31m1 check failed:[0m
[0m14:41:48.797157 [info ] [MainThread]: Project loading failed for the following reason:
 project path <C:\Users\Admin\Documents\transformation\dbt_new\dbt_project.yml> not found

[0m14:41:48.797876 [debug] [MainThread]: Command `dbt debug` failed at 14:41:48.797785 after 1.79 seconds
[0m14:41:48.798184 [debug] [MainThread]: Connection 'debug' was properly closed.
[0m14:41:48.798431 [debug] [MainThread]: Sending event: {'category': 'dbt', 'action': 'invocation', 'label': 'end', 'context': [<snowplow_tracker.self_describing_json.SelfDescribingJson object at 0x00000181064B6FD0>, <snowplow_tracker.self_describing_json.SelfDescribingJson object at 0x00000181064DEC30>, <snowplow_tracker.self_describing_json.SelfDescribingJson object at 0x000001810637B240>]}
[0m14:41:48.798683 [debug] [MainThread]: Flushing usage events
[0m14:41:49.744770 [debug] [MainThread]: An error was encountered while trying to flush usage events
[0m14:45:13.336527 [debug] [MainThread]: Sending event: {'category': 'dbt', 'action': 'invocation', 'label': 'start', 'context': [<snowplow_tracker.self_describing_json.SelfDescribingJson object at 0x000001A736459550>, <snowplow_tracker.self_describing_json.SelfDescribingJson object at 0x000001A7345E5090>, <snowplow_tracker.self_describing_json.SelfDescribingJson object at 0x000001A737573ED0>]}


============================== 14:45:13.340171 | aee9df42-8e8b-4f7c-ae85-b34b5e86bb16 ==============================
[0m14:45:13.340171 [info ] [MainThread]: Running with dbt=1.9.3
[0m14:45:13.340760 [debug] [MainThread]: running dbt with arguments {'printer_width': '80', 'indirect_selection': 'eager', 'log_cache_events': 'False', 'write_json': 'True', 'partial_parse': 'True', 'cache_selected_only': 'False', 'warn_error': 'None', 'version_check': 'True', 'debug': 'False', 'log_path': 'logs', 'fail_fast': 'False', 'profiles_dir': 'C:\\Users\\Admin\\.dbt', 'use_colors': 'True', 'use_experimental_parser': 'False', 'empty': 'None', 'quiet': 'False', 'no_print': 'None', 'warn_error_options': 'WarnErrorOptions(include=[], exclude=[])', 'introspect': 'True', 'static_parser': 'True', 'log_format': 'default', 'target_path': 'None', 'invocation_command': 'dbt init clean_ecommerce_data', 'send_anonymous_usage_stats': 'True'}
[0m14:45:13.355909 [info ] [MainThread]: A project called clean_ecommerce_data already exists here.
[0m14:45:13.356629 [debug] [MainThread]: Command `dbt init` succeeded at 14:45:13.356513 after 0.16 seconds
[0m14:45:13.356915 [debug] [MainThread]: Sending event: {'category': 'dbt', 'action': 'invocation', 'label': 'end', 'context': [<snowplow_tracker.self_describing_json.SelfDescribingJson object at 0x000001A7375963F0>, <snowplow_tracker.self_describing_json.SelfDescribingJson object at 0x000001A737602570>, <snowplow_tracker.self_describing_json.SelfDescribingJson object at 0x000001A7374456A0>]}
[0m14:45:13.357344 [debug] [MainThread]: Flushing usage events
[0m14:45:14.615799 [debug] [MainThread]: An error was encountered while trying to flush usage events
[0m14:45:40.339948 [debug] [MainThread]: Sending event: {'category': 'dbt', 'action': 'invocation', 'label': 'start', 'context': [<snowplow_tracker.self_describing_json.SelfDescribingJson object at 0x000001DD8F089550>, <snowplow_tracker.self_describing_json.SelfDescribingJson object at 0x000001DD8D255090>, <snowplow_tracker.self_describing_json.SelfDescribingJson object at 0x000001DD901A3ED0>]}


============================== 14:45:40.343503 | dcd2c7aa-3326-4e52-9a95-964336b5e44c ==============================
[0m14:45:40.343503 [info ] [MainThread]: Running with dbt=1.9.3
[0m14:45:40.344092 [debug] [MainThread]: running dbt with arguments {'printer_width': '80', 'indirect_selection': 'eager', 'log_cache_events': 'False', 'write_json': 'True', 'partial_parse': 'True', 'cache_selected_only': 'False', 'warn_error': 'None', 'fail_fast': 'False', 'version_check': 'True', 'log_path': 'logs', 'debug': 'False', 'profiles_dir': 'C:\\Users\\Admin\\.dbt', 'use_colors': 'True', 'use_experimental_parser': 'False', 'empty': 'None', 'quiet': 'False', 'no_print': 'None', 'log_format': 'default', 'introspect': 'True', 'warn_error_options': 'WarnErrorOptions(include=[], exclude=[])', 'invocation_command': 'dbt debug', 'target_path': 'None', 'static_parser': 'True', 'send_anonymous_usage_stats': 'True'}
[0m14:45:40.359292 [info ] [MainThread]: dbt version: 1.9.3
[0m14:45:40.359731 [info ] [MainThread]: python version: 3.13.2
[0m14:45:40.360063 [info ] [MainThread]: python path: C:\Users\Admin\AppData\Local\Programs\Python\Python313\python.exe
[0m14:45:40.360327 [info ] [MainThread]: os info: Windows-11-10.0.26100-SP0
[0m14:45:40.417813 [info ] [MainThread]: Using profiles dir at C:\Users\Admin\.dbt
[0m14:45:40.418433 [info ] [MainThread]: Using profiles.yml file at C:\Users\Admin\.dbt\profiles.yml
[0m14:45:40.418776 [info ] [MainThread]: Using dbt_project.yml file at C:\Users\Admin\Documents\transformation\dbt_new\dbt_project.yml
[0m14:45:40.419859 [info ] [MainThread]: adapter type: postgres
[0m14:45:40.420234 [info ] [MainThread]: adapter version: 1.9.0
[0m14:45:40.420592 [info ] [MainThread]: Configuration:
[0m14:45:40.420930 [info ] [MainThread]:   profiles.yml file [[32mOK found and valid[0m]
[0m14:45:40.421244 [info ] [MainThread]:   dbt_project.yml file [[31mERROR not found[0m]
[0m14:45:40.421483 [info ] [MainThread]: Required dependencies:
[0m14:45:40.421724 [debug] [MainThread]: Executing "git --help"
[0m14:45:40.438062 [debug] [MainThread]: STDOUT: "b"usage: git [-v | --version] [-h | --help] [-C <path>] [-c <name>=<value>]\n           [--exec-path[=<path>]] [--html-path] [--man-path] [--info-path]\n           [-p | --paginate | -P | --no-pager] [--no-replace-objects] [--no-lazy-fetch]\n           [--no-optional-locks] [--no-advice] [--bare] [--git-dir=<path>]\n           [--work-tree=<path>] [--namespace=<name>] [--config-env=<name>=<envvar>]\n           <command> [<args>]\n\nThese are common Git commands used in various situations:\n\nstart a working area (see also: git help tutorial)\n   clone      Clone a repository into a new directory\n   init       Create an empty Git repository or reinitialize an existing one\n\nwork on the current change (see also: git help everyday)\n   add        Add file contents to the index\n   mv         Move or rename a file, a directory, or a symlink\n   restore    Restore working tree files\n   rm         Remove files from the working tree and from the index\n\nexamine the history and state (see also: git help revisions)\n   bisect     Use binary search to find the commit that introduced a bug\n   diff       Show changes between commits, commit and working tree, etc\n   grep       Print lines matching a pattern\n   log        Show commit logs\n   show       Show various types of objects\n   status     Show the working tree status\n\ngrow, mark and tweak your common history\n   backfill   Download missing objects in a partial clone\n   branch     List, create, or delete branches\n   commit     Record changes to the repository\n   merge      Join two or more development histories together\n   rebase     Reapply commits on top of another base tip\n   reset      Reset current HEAD to the specified state\n   switch     Switch branches\n   tag        Create, list, delete or verify a tag object signed with GPG\n\ncollaborate (see also: git help workflows)\n   fetch      Download objects and refs from another repository\n   pull       Fetch from and integrate with another repository or a local branch\n   push       Update remote refs along with associated objects\n\n'git help -a' and 'git help -g' list available subcommands and some\nconcept guides. See 'git help <command>' or 'git help <concept>'\nto read about a specific subcommand or concept.\nSee 'git help git' for an overview of the system.\n""
[0m14:45:40.438493 [debug] [MainThread]: STDERR: "b''"
[0m14:45:40.438827 [info ] [MainThread]:  - git [[32mOK found[0m]

[0m14:45:40.439193 [info ] [MainThread]: Connection:
[0m14:45:40.439467 [info ] [MainThread]:   host: database-1.c5wmeuuo4n4r.ap-southeast-2.rds.amazonaws.com
[0m14:45:40.439703 [info ] [MainThread]:   port: 5432
[0m14:45:40.439908 [info ] [MainThread]:   user: postgres
[0m14:45:40.440113 [info ] [MainThread]:   database: ecommerce_data
[0m14:45:40.440311 [info ] [MainThread]:   schema: public
[0m14:45:40.440510 [info ] [MainThread]:   connect_timeout: 10
[0m14:45:40.440715 [info ] [MainThread]:   role: None
[0m14:45:40.440903 [info ] [MainThread]:   search_path: None
[0m14:45:40.441157 [info ] [MainThread]:   keepalives_idle: 0
[0m14:45:40.441480 [info ] [MainThread]:   sslmode: None
[0m14:45:40.441892 [info ] [MainThread]:   sslcert: None
[0m14:45:40.442281 [info ] [MainThread]:   sslkey: None
[0m14:45:40.442635 [info ] [MainThread]:   sslrootcert: None
[0m14:45:40.442980 [info ] [MainThread]:   application_name: dbt
[0m14:45:40.443297 [info ] [MainThread]:   retries: 1
[0m14:45:40.443903 [info ] [MainThread]: Registered adapter: postgres=1.9.0
[0m14:45:40.573687 [debug] [MainThread]: Acquiring new postgres connection 'debug'
[0m14:45:40.609123 [debug] [MainThread]: Using postgres connection "debug"
[0m14:45:40.609459 [debug] [MainThread]: On debug: select 1 as id
[0m14:45:40.609738 [debug] [MainThread]: Opening a new connection, currently in state init
[0m14:45:42.067208 [debug] [MainThread]: SQL status: SELECT 1 in 1.457 seconds
[0m14:45:42.068603 [debug] [MainThread]: On debug: Close
[0m14:45:42.069176 [info ] [MainThread]:   Connection test: [[32mOK connection ok[0m]

[0m14:45:42.069575 [info ] [MainThread]: [31m1 check failed:[0m
[0m14:45:42.069899 [info ] [MainThread]: Project loading failed for the following reason:
 project path <C:\Users\Admin\Documents\transformation\dbt_new\dbt_project.yml> not found

[0m14:45:42.070515 [debug] [MainThread]: Command `dbt debug` failed at 14:45:42.070420 after 1.83 seconds
[0m14:45:42.070747 [debug] [MainThread]: Connection 'debug' was properly closed.
[0m14:45:42.070978 [debug] [MainThread]: Sending event: {'category': 'dbt', 'action': 'invocation', 'label': 'end', 'context': [<snowplow_tracker.self_describing_json.SelfDescribingJson object at 0x000001DD90386FD0>, <snowplow_tracker.self_describing_json.SelfDescribingJson object at 0x000001DD903AEC30>, <snowplow_tracker.self_describing_json.SelfDescribingJson object at 0x000001DD9025B240>]}
[0m14:45:42.071228 [debug] [MainThread]: Flushing usage events
[0m14:45:43.097047 [debug] [MainThread]: An error was encountered while trying to flush usage events
[0m16:35:10.767659 [debug] [MainThread]: Sending event: {'category': 'dbt', 'action': 'invocation', 'label': 'start', 'context': [<snowplow_tracker.self_describing_json.SelfDescribingJson object at 0x00000223BF3B9550>, <snowplow_tracker.self_describing_json.SelfDescribingJson object at 0x00000223BD5B1090>, <snowplow_tracker.self_describing_json.SelfDescribingJson object at 0x00000223C04CBED0>]}


============================== 16:35:10.771151 | 6367097f-1639-4058-9e3f-61dfb7a83640 ==============================
[0m16:35:10.771151 [info ] [MainThread]: Running with dbt=1.9.3
[0m16:35:10.771665 [debug] [MainThread]: running dbt with arguments {'printer_width': '80', 'indirect_selection': 'eager', 'log_cache_events': 'False', 'write_json': 'True', 'partial_parse': 'True', 'cache_selected_only': 'False', 'warn_error': 'None', 'version_check': 'True', 'fail_fast': 'False', 'log_path': 'logs', 'debug': 'False', 'profiles_dir': 'C:\\Users\\Admin\\.dbt', 'use_colors': 'True', 'use_experimental_parser': 'False', 'empty': 'False', 'quiet': 'False', 'no_print': 'None', 'warn_error_options': 'WarnErrorOptions(include=[], exclude=[])', 'invocation_command': 'dbt run', 'introspect': 'True', 'static_parser': 'True', 'target_path': 'None', 'log_format': 'default', 'send_anonymous_usage_stats': 'True'}
[0m16:35:10.771994 [error] [MainThread]: Encountered an error:
Runtime Error
  No dbt_project.yml found at expected path C:\Users\Admin\Documents\transformation\dbt_new\dbt_project.yml
  Verify that each entry within packages.yml (and their transitive dependencies) contains a file named dbt_project.yml
  
[0m16:35:10.772599 [debug] [MainThread]: Command `dbt run` failed at 16:35:10.772499 after 0.14 seconds
[0m16:35:10.772841 [debug] [MainThread]: Sending event: {'category': 'dbt', 'action': 'invocation', 'label': 'end', 'context': [<snowplow_tracker.self_describing_json.SelfDescribingJson object at 0x00000223C04E90F0>, <snowplow_tracker.self_describing_json.SelfDescribingJson object at 0x00000223C03E6690>, <snowplow_tracker.self_describing_json.SelfDescribingJson object at 0x00000223C0395D00>]}
[0m16:35:10.773086 [debug] [MainThread]: Flushing usage events
[0m16:35:12.117094 [debug] [MainThread]: An error was encountered while trying to flush usage events
[0m17:30:37.664865 [debug] [MainThread]: Sending event: {'category': 'dbt', 'action': 'invocation', 'label': 'start', 'context': [<snowplow_tracker.self_describing_json.SelfDescribingJson object at 0x0000014D41DE9550>, <snowplow_tracker.self_describing_json.SelfDescribingJson object at 0x0000014D3FF75090>, <snowplow_tracker.self_describing_json.SelfDescribingJson object at 0x0000014D42F0BED0>]}


============================== 17:30:37.668222 | fb0cb743-150f-4e08-bf5f-6fd083092e18 ==============================
[0m17:30:37.668222 [info ] [MainThread]: Running with dbt=1.9.3
[0m17:30:37.668711 [debug] [MainThread]: running dbt with arguments {'printer_width': '80', 'indirect_selection': 'eager', 'write_json': 'True', 'log_cache_events': 'False', 'partial_parse': 'True', 'cache_selected_only': 'False', 'profiles_dir': 'C:\\Users\\Admin\\.dbt', 'version_check': 'True', 'fail_fast': 'False', 'log_path': 'logs', 'debug': 'False', 'warn_error': 'None', 'use_colors': 'True', 'use_experimental_parser': 'False', 'no_print': 'None', 'quiet': 'False', 'empty': 'False', 'log_format': 'default', 'static_parser': 'True', 'invocation_command': 'dbt run', 'warn_error_options': 'WarnErrorOptions(include=[], exclude=[])', 'target_path': 'None', 'introspect': 'True', 'send_anonymous_usage_stats': 'True'}
[0m17:30:37.669029 [error] [MainThread]: Encountered an error:
Runtime Error
  No dbt_project.yml found at expected path C:\Users\Admin\Documents\transformation\dbt_new\dbt_project.yml
  Verify that each entry within packages.yml (and their transitive dependencies) contains a file named dbt_project.yml
  
[0m17:30:37.669604 [debug] [MainThread]: Command `dbt run` failed at 17:30:37.669493 after 0.13 seconds
[0m17:30:37.669853 [debug] [MainThread]: Sending event: {'category': 'dbt', 'action': 'invocation', 'label': 'end', 'context': [<snowplow_tracker.self_describing_json.SelfDescribingJson object at 0x0000014D42F290F0>, <snowplow_tracker.self_describing_json.SelfDescribingJson object at 0x0000014D42E26690>, <snowplow_tracker.self_describing_json.SelfDescribingJson object at 0x0000014D42DD5D00>]}
[0m17:30:37.670140 [debug] [MainThread]: Flushing usage events
[0m17:30:38.992744 [debug] [MainThread]: An error was encountered while trying to flush usage events
[0m04:08:07.914339 [debug] [MainThread]: Sending event: {'category': 'dbt', 'action': 'invocation', 'label': 'start', 'context': [<snowplow_tracker.self_describing_json.SelfDescribingJson object at 0x000001689CF52900>, <snowplow_tracker.self_describing_json.SelfDescribingJson object at 0x000001689B060B90>, <snowplow_tracker.self_describing_json.SelfDescribingJson object at 0x000001689DEEBED0>]}


============================== 04:08:07.918101 | b3c8b987-e47e-466d-8140-7f52ea927291 ==============================
[0m04:08:07.918101 [info ] [MainThread]: Running with dbt=1.9.3
[0m04:08:07.918594 [debug] [MainThread]: running dbt with arguments {'invocation_command': 'dbt debug', 'version_check': 'True', 'warn_error_options': 'WarnErrorOptions(include=[], exclude=[])', 'quiet': 'False', 'printer_width': '80', 'target_path': 'None', 'indirect_selection': 'eager', 'send_anonymous_usage_stats': 'True', 'write_json': 'True', 'static_parser': 'True', 'log_cache_events': 'False', 'log_path': 'logs', 'warn_error': 'None', 'profiles_dir': 'C:\\Users\\Admin\\.dbt', 'empty': 'None', 'introspect': 'True', 'cache_selected_only': 'False', 'use_colors': 'True', 'partial_parse': 'True', 'use_experimental_parser': 'False', 'no_print': 'None', 'debug': 'False', 'fail_fast': 'False', 'log_format': 'default'}
[0m04:08:07.930943 [info ] [MainThread]: dbt version: 1.9.3
[0m04:08:07.931375 [info ] [MainThread]: python version: 3.13.2
[0m04:08:07.931764 [info ] [MainThread]: python path: C:\Users\Admin\AppData\Local\Programs\Python\Python313\python.exe
[0m04:08:07.932108 [info ] [MainThread]: os info: Windows-11-10.0.26100-SP0
[0m04:08:07.980751 [info ] [MainThread]: Using profiles dir at C:\Users\Admin\.dbt
[0m04:08:07.981156 [info ] [MainThread]: Using profiles.yml file at C:\Users\Admin\.dbt\profiles.yml
[0m04:08:07.981462 [info ] [MainThread]: Using dbt_project.yml file at C:\Users\Admin\Documents\transformation\ecommerce_analysis\dbt_project.yml
[0m04:08:07.982215 [info ] [MainThread]: adapter type: postgres
[0m04:08:07.982505 [info ] [MainThread]: adapter version: 1.9.0
[0m04:08:07.982813 [info ] [MainThread]: Configuration:
[0m04:08:07.983068 [info ] [MainThread]:   profiles.yml file [[32mOK found and valid[0m]
[0m04:08:07.983322 [info ] [MainThread]:   dbt_project.yml file [[31mERROR not found[0m]
[0m04:08:07.983559 [info ] [MainThread]: Required dependencies:
[0m04:08:07.983808 [debug] [MainThread]: Executing "git --help"
[0m04:08:07.999169 [debug] [MainThread]: STDOUT: "b"usage: git [-v | --version] [-h | --help] [-C <path>] [-c <name>=<value>]\n           [--exec-path[=<path>]] [--html-path] [--man-path] [--info-path]\n           [-p | --paginate | -P | --no-pager] [--no-replace-objects] [--no-lazy-fetch]\n           [--no-optional-locks] [--no-advice] [--bare] [--git-dir=<path>]\n           [--work-tree=<path>] [--namespace=<name>] [--config-env=<name>=<envvar>]\n           <command> [<args>]\n\nThese are common Git commands used in various situations:\n\nstart a working area (see also: git help tutorial)\n   clone      Clone a repository into a new directory\n   init       Create an empty Git repository or reinitialize an existing one\n\nwork on the current change (see also: git help everyday)\n   add        Add file contents to the index\n   mv         Move or rename a file, a directory, or a symlink\n   restore    Restore working tree files\n   rm         Remove files from the working tree and from the index\n\nexamine the history and state (see also: git help revisions)\n   bisect     Use binary search to find the commit that introduced a bug\n   diff       Show changes between commits, commit and working tree, etc\n   grep       Print lines matching a pattern\n   log        Show commit logs\n   show       Show various types of objects\n   status     Show the working tree status\n\ngrow, mark and tweak your common history\n   backfill   Download missing objects in a partial clone\n   branch     List, create, or delete branches\n   commit     Record changes to the repository\n   merge      Join two or more development histories together\n   rebase     Reapply commits on top of another base tip\n   reset      Reset current HEAD to the specified state\n   switch     Switch branches\n   tag        Create, list, delete or verify a tag object signed with GPG\n\ncollaborate (see also: git help workflows)\n   fetch      Download objects and refs from another repository\n   pull       Fetch from and integrate with another repository or a local branch\n   push       Update remote refs along with associated objects\n\n'git help -a' and 'git help -g' list available subcommands and some\nconcept guides. See 'git help <command>' or 'git help <concept>'\nto read about a specific subcommand or concept.\nSee 'git help git' for an overview of the system.\n""
[0m04:08:07.999582 [debug] [MainThread]: STDERR: "b''"
[0m04:08:07.999908 [info ] [MainThread]:  - git [[32mOK found[0m]

[0m04:08:08.000235 [info ] [MainThread]: Connection:
[0m04:08:08.000565 [info ] [MainThread]:   host: database-1.c5wmeuuo4n4r.ap-southeast-2.rds.amazonaws.com
[0m04:08:08.000841 [info ] [MainThread]:   port: 5432
[0m04:08:08.001091 [info ] [MainThread]:   user: postgres
[0m04:08:08.001349 [info ] [MainThread]:   database: ecommerce_data
[0m04:08:08.001592 [info ] [MainThread]:   schema: analysis
[0m04:08:08.001820 [info ] [MainThread]:   connect_timeout: 10
[0m04:08:08.002164 [info ] [MainThread]:   role: None
[0m04:08:08.002462 [info ] [MainThread]:   search_path: None
[0m04:08:08.002714 [info ] [MainThread]:   keepalives_idle: 0
[0m04:08:08.002946 [info ] [MainThread]:   sslmode: None
[0m04:08:08.003168 [info ] [MainThread]:   sslcert: None
[0m04:08:08.003442 [info ] [MainThread]:   sslkey: None
[0m04:08:08.003699 [info ] [MainThread]:   sslrootcert: None
[0m04:08:08.003932 [info ] [MainThread]:   application_name: dbt
[0m04:08:08.004162 [info ] [MainThread]:   retries: 1
[0m04:08:08.004542 [info ] [MainThread]: Registered adapter: postgres=1.9.0
[0m04:08:08.124410 [debug] [MainThread]: Acquiring new postgres connection 'debug'
[0m04:08:08.156626 [debug] [MainThread]: Using postgres connection "debug"
[0m04:08:08.156913 [debug] [MainThread]: On debug: select 1 as id
[0m04:08:08.157117 [debug] [MainThread]: Opening a new connection, currently in state init
[0m04:08:09.570227 [debug] [MainThread]: SQL status: SELECT 1 in 1.413 seconds
[0m04:08:09.572294 [debug] [MainThread]: On debug: Close
[0m04:08:09.573048 [info ] [MainThread]:   Connection test: [[32mOK connection ok[0m]

[0m04:08:09.573827 [info ] [MainThread]: [31m1 check failed:[0m
[0m04:08:09.574429 [info ] [MainThread]: Project loading failed for the following reason:
 project path <C:\Users\Admin\Documents\transformation\ecommerce_analysis\dbt_project.yml> not found

[0m04:08:09.575456 [debug] [MainThread]: Command `dbt debug` failed at 04:08:09.575318 after 1.75 seconds
[0m04:08:09.575794 [debug] [MainThread]: Connection 'debug' was properly closed.
[0m04:08:09.576100 [debug] [MainThread]: Sending event: {'category': 'dbt', 'action': 'invocation', 'label': 'end', 'context': [<snowplow_tracker.self_describing_json.SelfDescribingJson object at 0x000001689E0D3950>, <snowplow_tracker.self_describing_json.SelfDescribingJson object at 0x000001689E1260F0>, <snowplow_tracker.self_describing_json.SelfDescribingJson object at 0x000001689DF7BF00>]}
[0m04:08:09.576458 [debug] [MainThread]: Flushing usage events
[0m04:08:10.542191 [debug] [MainThread]: An error was encountered while trying to flush usage events
[0m04:24:07.205411 [debug] [MainThread]: Sending event: {'category': 'dbt', 'action': 'invocation', 'label': 'start', 'context': [<snowplow_tracker.self_describing_json.SelfDescribingJson object at 0x000001F1A89E2900>, <snowplow_tracker.self_describing_json.SelfDescribingJson object at 0x000001F1A6AC0B90>, <snowplow_tracker.self_describing_json.SelfDescribingJson object at 0x000001F1A997BED0>]}


============================== 04:24:07.208733 | ef934ece-282f-4841-aec2-62c57467345c ==============================
[0m04:24:07.208733 [info ] [MainThread]: Running with dbt=1.9.3
[0m04:24:07.209213 [debug] [MainThread]: running dbt with arguments {'invocation_command': 'dbt debug', 'version_check': 'True', 'warn_error_options': 'WarnErrorOptions(include=[], exclude=[])', 'quiet': 'False', 'printer_width': '80', 'target_path': 'None', 'indirect_selection': 'eager', 'send_anonymous_usage_stats': 'True', 'write_json': 'True', 'static_parser': 'True', 'log_cache_events': 'False', 'log_path': 'logs', 'warn_error': 'None', 'profiles_dir': 'C:\\Users\\Admin\\.dbt', 'empty': 'None', 'introspect': 'True', 'use_colors': 'True', 'cache_selected_only': 'False', 'use_experimental_parser': 'False', 'partial_parse': 'True', 'no_print': 'None', 'debug': 'False', 'log_format': 'default', 'fail_fast': 'False'}
[0m04:24:07.220753 [info ] [MainThread]: dbt version: 1.9.3
[0m04:24:07.221097 [info ] [MainThread]: python version: 3.13.2
[0m04:24:07.221414 [info ] [MainThread]: python path: C:\Users\Admin\AppData\Local\Programs\Python\Python313\python.exe
[0m04:24:07.221747 [info ] [MainThread]: os info: Windows-11-10.0.26100-SP0
[0m04:24:07.268696 [info ] [MainThread]: Using profiles dir at C:\Users\Admin\.dbt
[0m04:24:07.269171 [info ] [MainThread]: Using profiles.yml file at C:\Users\Admin\.dbt\profiles.yml
[0m04:24:07.269501 [info ] [MainThread]: Using dbt_project.yml file at C:\Users\Admin\Documents\transformation\ecommerce_analysis\dbt_project.yml
[0m04:24:07.270694 [info ] [MainThread]: adapter type: postgres
[0m04:24:07.271020 [info ] [MainThread]: adapter version: 1.9.0
[0m04:24:07.271327 [info ] [MainThread]: Configuration:
[0m04:24:07.271593 [info ] [MainThread]:   profiles.yml file [[32mOK found and valid[0m]
[0m04:24:07.271829 [info ] [MainThread]:   dbt_project.yml file [[31mERROR not found[0m]
[0m04:24:07.272051 [info ] [MainThread]: Required dependencies:
[0m04:24:07.272396 [debug] [MainThread]: Executing "git --help"
[0m04:24:07.291508 [debug] [MainThread]: STDOUT: "b"usage: git [-v | --version] [-h | --help] [-C <path>] [-c <name>=<value>]\n           [--exec-path[=<path>]] [--html-path] [--man-path] [--info-path]\n           [-p | --paginate | -P | --no-pager] [--no-replace-objects] [--no-lazy-fetch]\n           [--no-optional-locks] [--no-advice] [--bare] [--git-dir=<path>]\n           [--work-tree=<path>] [--namespace=<name>] [--config-env=<name>=<envvar>]\n           <command> [<args>]\n\nThese are common Git commands used in various situations:\n\nstart a working area (see also: git help tutorial)\n   clone      Clone a repository into a new directory\n   init       Create an empty Git repository or reinitialize an existing one\n\nwork on the current change (see also: git help everyday)\n   add        Add file contents to the index\n   mv         Move or rename a file, a directory, or a symlink\n   restore    Restore working tree files\n   rm         Remove files from the working tree and from the index\n\nexamine the history and state (see also: git help revisions)\n   bisect     Use binary search to find the commit that introduced a bug\n   diff       Show changes between commits, commit and working tree, etc\n   grep       Print lines matching a pattern\n   log        Show commit logs\n   show       Show various types of objects\n   status     Show the working tree status\n\ngrow, mark and tweak your common history\n   backfill   Download missing objects in a partial clone\n   branch     List, create, or delete branches\n   commit     Record changes to the repository\n   merge      Join two or more development histories together\n   rebase     Reapply commits on top of another base tip\n   reset      Reset current HEAD to the specified state\n   switch     Switch branches\n   tag        Create, list, delete or verify a tag object signed with GPG\n\ncollaborate (see also: git help workflows)\n   fetch      Download objects and refs from another repository\n   pull       Fetch from and integrate with another repository or a local branch\n   push       Update remote refs along with associated objects\n\n'git help -a' and 'git help -g' list available subcommands and some\nconcept guides. See 'git help <command>' or 'git help <concept>'\nto read about a specific subcommand or concept.\nSee 'git help git' for an overview of the system.\n""
[0m04:24:07.291918 [debug] [MainThread]: STDERR: "b''"
[0m04:24:07.292227 [info ] [MainThread]:  - git [[32mOK found[0m]

[0m04:24:07.292592 [info ] [MainThread]: Connection:
[0m04:24:07.292913 [info ] [MainThread]:   host: database-1.c5wmeuuo4n4r.ap-southeast-2.rds.amazonaws.com
[0m04:24:07.293187 [info ] [MainThread]:   port: 5432
[0m04:24:07.293452 [info ] [MainThread]:   user: postgres
[0m04:24:07.293709 [info ] [MainThread]:   database: ecommerce_data
[0m04:24:07.293964 [info ] [MainThread]:   schema: staging
[0m04:24:07.294277 [info ] [MainThread]:   connect_timeout: 10
[0m04:24:07.294627 [info ] [MainThread]:   role: None
[0m04:24:07.294979 [info ] [MainThread]:   search_path: None
[0m04:24:07.295234 [info ] [MainThread]:   keepalives_idle: 0
[0m04:24:07.295491 [info ] [MainThread]:   sslmode: None
[0m04:24:07.295722 [info ] [MainThread]:   sslcert: None
[0m04:24:07.295948 [info ] [MainThread]:   sslkey: None
[0m04:24:07.296166 [info ] [MainThread]:   sslrootcert: None
[0m04:24:07.296393 [info ] [MainThread]:   application_name: dbt
[0m04:24:07.296616 [info ] [MainThread]:   retries: 1
[0m04:24:07.297030 [info ] [MainThread]: Registered adapter: postgres=1.9.0
[0m04:24:07.412934 [debug] [MainThread]: Acquiring new postgres connection 'debug'
[0m04:24:07.444470 [debug] [MainThread]: Using postgres connection "debug"
[0m04:24:07.444781 [debug] [MainThread]: On debug: select 1 as id
[0m04:24:07.444991 [debug] [MainThread]: Opening a new connection, currently in state init
[0m04:24:08.873480 [debug] [MainThread]: SQL status: SELECT 1 in 1.428 seconds
[0m04:24:08.875128 [debug] [MainThread]: On debug: Close
[0m04:24:08.876171 [info ] [MainThread]:   Connection test: [[32mOK connection ok[0m]

[0m04:24:08.876947 [info ] [MainThread]: [31m1 check failed:[0m
[0m04:24:08.877635 [info ] [MainThread]: Project loading failed for the following reason:
 project path <C:\Users\Admin\Documents\transformation\ecommerce_analysis\dbt_project.yml> not found

[0m04:24:08.878520 [debug] [MainThread]: Command `dbt debug` failed at 04:24:08.878404 after 1.76 seconds
[0m04:24:08.878802 [debug] [MainThread]: Connection 'debug' was properly closed.
[0m04:24:08.879105 [debug] [MainThread]: Sending event: {'category': 'dbt', 'action': 'invocation', 'label': 'end', 'context': [<snowplow_tracker.self_describing_json.SelfDescribingJson object at 0x000001F1A9B67950>, <snowplow_tracker.self_describing_json.SelfDescribingJson object at 0x000001F1A9BBA0F0>, <snowplow_tracker.self_describing_json.SelfDescribingJson object at 0x000001F1A9A0BF00>]}
[0m04:24:08.879454 [debug] [MainThread]: Flushing usage events
[0m04:24:10.145337 [debug] [MainThread]: An error was encountered while trying to flush usage events
[0m05:28:31.636268 [debug] [MainThread]: Sending event: {'category': 'dbt', 'action': 'invocation', 'label': 'start', 'context': [<snowplow_tracker.self_describing_json.SelfDescribingJson object at 0x000001C1F8632900>, <snowplow_tracker.self_describing_json.SelfDescribingJson object at 0x000001C1F66F0B90>, <snowplow_tracker.self_describing_json.SelfDescribingJson object at 0x000001C1F95ABED0>]}


============================== 05:28:31.639854 | 7f98eee6-173e-475f-acd4-71665c7e424c ==============================
[0m05:28:31.639854 [info ] [MainThread]: Running with dbt=1.9.3
[0m05:28:31.640361 [debug] [MainThread]: running dbt with arguments {'invocation_command': 'dbt clean', 'version_check': 'True', 'warn_error_options': 'WarnErrorOptions(include=[], exclude=[])', 'quiet': 'False', 'printer_width': '80', 'target_path': 'None', 'indirect_selection': 'eager', 'send_anonymous_usage_stats': 'True', 'cache_selected_only': 'False', 'static_parser': 'True', 'log_cache_events': 'False', 'log_path': 'logs', 'profiles_dir': 'C:\\Users\\Admin\\.dbt', 'warn_error': 'None', 'introspect': 'True', 'empty': 'None', 'write_json': 'True', 'use_colors': 'True', 'partial_parse': 'True', 'use_experimental_parser': 'False', 'no_print': 'None', 'debug': 'False', 'fail_fast': 'False', 'log_format': 'default'}
[0m05:28:31.640822 [error] [MainThread]: Encountered an error:
Runtime Error
  No dbt_project.yml found at expected path C:\Users\Admin\Documents\transformation\ecommerce_analysis\dbt_project.yml
  Verify that each entry within packages.yml (and their transitive dependencies) contains a file named dbt_project.yml
  
[0m05:28:31.641492 [debug] [MainThread]: Command `dbt clean` failed at 05:28:31.641385 after 0.10 seconds
[0m05:28:31.641744 [debug] [MainThread]: Sending event: {'category': 'dbt', 'action': 'invocation', 'label': 'end', 'context': [<snowplow_tracker.self_describing_json.SelfDescribingJson object at 0x000001C1F95D5350>, <snowplow_tracker.self_describing_json.SelfDescribingJson object at 0x000001C1F94CDD90>, <snowplow_tracker.self_describing_json.SelfDescribingJson object at 0x000001C1F941B9B0>]}
[0m05:28:31.641981 [debug] [MainThread]: Flushing usage events
[0m05:28:32.599040 [debug] [MainThread]: An error was encountered while trying to flush usage events
[0m10:34:25.115073 [debug] [MainThread]: Sending event: {'category': 'dbt', 'action': 'invocation', 'label': 'start', 'context': [<snowplow_tracker.self_describing_json.SelfDescribingJson object at 0x000001798B28D400>, <snowplow_tracker.self_describing_json.SelfDescribingJson object at 0x000001798C9C7D90>, <snowplow_tracker.self_describing_json.SelfDescribingJson object at 0x000001798C9C79D0>]}


============================== 10:34:25.119092 | da43cc87-ae8c-4c35-a132-71f944ea3f71 ==============================
[0m10:34:25.119092 [info ] [MainThread]: Running with dbt=1.7.19
[0m10:34:25.119646 [debug] [MainThread]: running dbt with arguments {'printer_width': '80', 'indirect_selection': 'eager', 'write_json': 'True', 'log_cache_events': 'False', 'partial_parse': 'True', 'cache_selected_only': 'False', 'warn_error': 'None', 'version_check': 'True', 'profiles_dir': 'C:\\Users\\Admin\\.dbt', 'log_path': 'logs', 'debug': 'False', 'fail_fast': 'False', 'use_colors': 'True', 'use_experimental_parser': 'False', 'no_print': 'None', 'quiet': 'False', 'warn_error_options': 'WarnErrorOptions(include=[], exclude=[])', 'introspect': 'True', 'log_format': 'default', 'static_parser': 'True', 'target_path': 'None', 'invocation_command': 'dbt seed', 'send_anonymous_usage_stats': 'True'}
[0m10:34:25.120013 [error] [MainThread]: Encountered an error:
Runtime Error
  No dbt_project.yml found at expected path C:\Users\Admin\Documents\transformation\ecommerce_analysis\dbt_project.yml
  Verify that each entry within packages.yml (and their transitive dependencies) contains a file named dbt_project.yml
  
[0m10:34:25.120656 [debug] [MainThread]: Command `dbt seed` failed at 10:34:25.120549 after 0.19 seconds
[0m10:34:25.120910 [debug] [MainThread]: Sending event: {'category': 'dbt', 'action': 'invocation', 'label': 'end', 'context': [<snowplow_tracker.self_describing_json.SelfDescribingJson object at 0x000001798C87A650>, <snowplow_tracker.self_describing_json.SelfDescribingJson object at 0x000001798CA160F0>, <snowplow_tracker.self_describing_json.SelfDescribingJson object at 0x000001798C9D3680>]}
[0m10:34:25.121170 [debug] [MainThread]: Flushing usage events
[0m12:23:33.235661 [debug] [MainThread]: Sending event: {'category': 'dbt', 'action': 'invocation', 'label': 'start', 'context': [<snowplow_tracker.self_describing_json.SelfDescribingJson object at 0x0000020C2BAAD400>, <snowplow_tracker.self_describing_json.SelfDescribingJson object at 0x0000020C2D1E7D90>, <snowplow_tracker.self_describing_json.SelfDescribingJson object at 0x0000020C2D1E79D0>]}


============================== 12:23:33.238919 | 3b3b2148-6627-4123-a0ce-e68185d1d62a ==============================
[0m12:23:33.238919 [info ] [MainThread]: Running with dbt=1.7.19
[0m12:23:33.239494 [debug] [MainThread]: running dbt with arguments {'printer_width': '80', 'indirect_selection': 'eager', 'log_cache_events': 'False', 'write_json': 'True', 'partial_parse': 'True', 'cache_selected_only': 'False', 'profiles_dir': 'C:\\Users\\Admin\\.dbt', 'version_check': 'True', 'fail_fast': 'False', 'log_path': 'logs', 'debug': 'False', 'warn_error': 'None', 'use_colors': 'True', 'use_experimental_parser': 'False', 'no_print': 'None', 'quiet': 'False', 'warn_error_options': 'WarnErrorOptions(include=[], exclude=[])', 'introspect': 'True', 'invocation_command': 'dbt run', 'log_format': 'default', 'target_path': 'None', 'static_parser': 'True', 'send_anonymous_usage_stats': 'True'}
[0m12:23:33.239881 [error] [MainThread]: Encountered an error:
Runtime Error
  No dbt_project.yml found at expected path C:\Users\Admin\Documents\transformation\ecommerce_analysis\dbt_project.yml
  Verify that each entry within packages.yml (and their transitive dependencies) contains a file named dbt_project.yml
  
[0m12:23:33.240576 [debug] [MainThread]: Command `dbt run` failed at 12:23:33.240458 after 0.13 seconds
[0m12:23:33.240839 [debug] [MainThread]: Sending event: {'category': 'dbt', 'action': 'invocation', 'label': 'end', 'context': [<snowplow_tracker.self_describing_json.SelfDescribingJson object at 0x0000020C2D09A650>, <snowplow_tracker.self_describing_json.SelfDescribingJson object at 0x0000020C2D2360F0>, <snowplow_tracker.self_describing_json.SelfDescribingJson object at 0x0000020C2D21B680>]}
[0m12:23:33.241094 [debug] [MainThread]: Flushing usage events
